<?xml version="1.0" encoding="UTF-8"?>
<testng-results ignored="0" total="1" passed="0" failed="1" skipped="0">
  <reporter-output>
  </reporter-output>
  <suite started-at="2022-03-20T05:28:18Z" name="Default suite" finished-at="2022-03-20T05:28:32Z" duration-ms="13676">
    <groups>
    </groups>
    <test started-at="2022-03-20T05:28:18Z" name="Default test" finished-at="2022-03-20T05:28:32Z" duration-ms="13676">
      <class name="com.flipkart.testCase.extentReportsConcept">
        <test-method is-config="true" signature="setExtent()[pri:0, instance:com.flipkart.testCase.extentReportsConcept@1838ccb8]" started-at="2022-03-20T10:58:18Z" name="setExtent" finished-at="2022-03-20T10:58:19Z" duration-ms="592" status="PASS">
          <reporter-output>
          </reporter-output>
        </test-method> <!-- setExtent -->
        <test-method is-config="true" signature="initialization()[pri:0, instance:com.flipkart.testCase.extentReportsConcept@1838ccb8]" started-at="2022-03-20T10:58:19Z" name="initialization" finished-at="2022-03-20T10:58:30Z" duration-ms="10904" status="PASS">
          <reporter-output>
          </reporter-output>
        </test-method> <!-- initialization -->
        <test-method signature="w3Tittle()[pri:0, instance:com.flipkart.testCase.extentReportsConcept@1838ccb8]" started-at="2022-03-20T10:58:30Z" name="w3Tittle" finished-at="2022-03-20T10:58:30Z" duration-ms="42" status="FAIL">
          <exception class="java.lang.AssertionError">
            <message>
              <![CDATA[expected [W3Schools Online Web Tutorials123] but found [W3Schools Online Web Tutorials]]]>
            </message>
            <full-stacktrace>
              <![CDATA[java.lang.AssertionError: expected [W3Schools Online Web Tutorials123] but found [W3Schools Online Web Tutorials]
	at org.testng.Assert.fail(Assert.java:93)
	at org.testng.Assert.failNotEquals(Assert.java:512)
	at org.testng.Assert.assertEqualsImpl(Assert.java:134)
	at org.testng.Assert.assertEquals(Assert.java:115)
	at org.testng.Assert.assertEquals(Assert.java:189)
	at org.testng.Assert.assertEquals(Assert.java:199)
	at com.flipkart.testCase.extentReportsConcept.w3Tittle(extentReportsConcept.java:89)
	at java.base/jdk.internal.reflect.NativeMethodAccessorImpl.invoke0(Native Method)
	at java.base/jdk.internal.reflect.NativeMethodAccessorImpl.invoke(NativeMethodAccessorImpl.java:64)
	at java.base/jdk.internal.reflect.DelegatingMethodAccessorImpl.invoke(DelegatingMethodAccessorImpl.java:43)
	at java.base/java.lang.reflect.Method.invoke(Method.java:564)
	at org.testng.internal.MethodInvocationHelper.invokeMethod(MethodInvocationHelper.java:108)
	at org.testng.internal.Invoker.invokeMethod(Invoker.java:661)
	at org.testng.internal.Invoker.invokeTestMethod(Invoker.java:869)
	at org.testng.internal.Invoker.invokeTestMethods(Invoker.java:1193)
	at org.testng.internal.TestMethodWorker.invokeTestMethods(TestMethodWorker.java:126)
	at org.testng.internal.TestMethodWorker.run(TestMethodWorker.java:109)
	at org.testng.TestRunner.privateRun(TestRunner.java:744)
	at org.testng.TestRunner.run(TestRunner.java:602)
	at org.testng.SuiteRunner.runTest(SuiteRunner.java:380)
	at org.testng.SuiteRunner.runSequentially(SuiteRunner.java:375)
	at org.testng.SuiteRunner.privateRun(SuiteRunner.java:340)
	at org.testng.SuiteRunner.run(SuiteRunner.java:289)
	at org.testng.SuiteRunnerWorker.runSuite(SuiteRunnerWorker.java:52)
	at org.testng.SuiteRunnerWorker.run(SuiteRunnerWorker.java:86)
	at org.testng.TestNG.runSuitesSequentially(TestNG.java:1301)
	at org.testng.TestNG.runSuitesLocally(TestNG.java:1226)
	at org.testng.TestNG.runSuites(TestNG.java:1144)
	at org.testng.TestNG.run(TestNG.java:1115)
	at org.testng.remote.AbstractRemoteTestNG.run(AbstractRemoteTestNG.java:115)
	at org.testng.remote.RemoteTestNG.initAndRun(RemoteTestNG.java:251)
	at org.testng.remote.RemoteTestNG.main(RemoteTestNG.java:77)
]]>
            </full-stacktrace>
          </exception> <!-- java.lang.AssertionError -->
          <reporter-output>
          </reporter-output>
        </test-method> <!-- w3Tittle -->
        <test-method is-config="true" signature="TearDown(org.testng.ITestResult)[pri:0, instance:com.flipkart.testCase.extentReportsConcept@1838ccb8]" started-at="2022-03-20T10:58:30Z" name="TearDown" finished-at="2022-03-20T10:58:31Z" duration-ms="1549" status="PASS">
          <params>
            <param index="0">
              <value>
                <![CDATA[[TestResult name=w3Tittle status=FAILURE method=extentReportsConcept.w3Tittle()[pri:0, instance:com.flipkart.testCase.extentReportsConcept@1838ccb8] output={null}]]]>
              </value>
            </param>
          </params>
          <reporter-output>
          </reporter-output>
        </test-method> <!-- TearDown -->
        <test-method is-config="true" signature="endReport()[pri:0, instance:com.flipkart.testCase.extentReportsConcept@1838ccb8]" started-at="2022-03-20T10:58:31Z" name="endReport" finished-at="2022-03-20T10:58:32Z" duration-ms="533" status="PASS">
          <reporter-output>
          </reporter-output>
        </test-method> <!-- endReport -->
      </class> <!-- com.flipkart.testCase.extentReportsConcept -->
    </test> <!-- Default test -->
  </suite> <!-- Default suite -->
</testng-results>
